<?xml version="1.0" encoding="utf-8"?>
<test-run id="2" name="Open-Lab-05.04.dll" fullname="C:/Users/onkom/source/repos/Open-Lab-05.04/Open-Lab-05.04/bin/Debug/netcoreapp3.0/Open-Lab-05.04.dll" testcasecount="100" result="Passed" start-time="2021-12-28 18:52:33Z" end-time="2021-12-28 18:52:33Z" duration="0.271127" total="100" passed="100" failed="0" inconclusive="0" skipped="0" asserts="100" random-seed="1888072227">
  <command-line><![CDATA[C:\Users\onkom\source\repos\Open-Lab-05.04\Open-Lab-05.04\bin\Debug\netcoreapp3.0\Open-Lab-05.04.dll]]></command-line>
  <filter />
  <test-suite type="Assembly" id="1102" name="Open-Lab-05.04.dll" fullname="C:/Users/onkom/source/repos/Open-Lab-05.04/Open-Lab-05.04/bin/Debug/netcoreapp3.0/Open-Lab-05.04.dll" runstate="Runnable" testcasecount="100" result="Passed" start-time="2021-12-28 18:52:33Z" end-time="2021-12-28 18:52:33Z" duration="0.271127" total="100" passed="100" failed="0" warnings="0" inconclusive="0" skipped="0" asserts="100">
    <environment framework-version="3.12.0.0" clr-version="3.1.19" os-version="Microsoft Windows 10.0.19042" platform="Win32NT" cwd="C:\Users\onkom\source\repos\Open-Lab-05.04\Open-Lab-05.04\bin\Debug\netcoreapp3.0" machine-name="DESKTOP-7OQAPDJ" user="onkom" user-domain="DESKTOP-7OQAPDJ" culture="en-US" uiculture="en-US" os-architecture="x64" />
    <settings>
      <setting name="WorkDirectory" value="C:\Users\onkom\source\repos\Open-Lab-05.04\Open-Lab-05.04\bin\Debug\netcoreapp3.0" />
      <setting name="NumberOfTestWorkers" value="4" />
    </settings>
    <properties>
      <property name="_PID" value="2460" />
      <property name="_APPDOMAIN" value="Open-Lab-05.04" />
    </properties>
    <test-suite type="TestSuite" id="1103" name="Open_Lab_05" fullname="Open_Lab_05" runstate="Runnable" testcasecount="100" result="Passed" start-time="2021-12-28 18:52:33Z" end-time="2021-12-28 18:52:33Z" duration="0.231845" total="100" passed="100" failed="0" warnings="0" inconclusive="0" skipped="0" asserts="100">
      <test-suite type="TestSuite" id="1104" name="_04" fullname="Open_Lab_05._04" runstate="Runnable" testcasecount="100" result="Passed" start-time="2021-12-28 18:52:33Z" end-time="2021-12-28 18:52:33Z" duration="0.222916" total="100" passed="100" failed="0" warnings="0" inconclusive="0" skipped="0" asserts="100">
        <test-suite type="TestFixture" id="1000" name="Tests" fullname="Open_Lab_05._04.Tests" classname="Open_Lab_05._04.Tests" runstate="Runnable" testcasecount="100" result="Passed" start-time="2021-12-28 18:52:33Z" end-time="2021-12-28 18:52:33Z" duration="0.185081" total="100" passed="100" failed="0" warnings="0" inconclusive="0" skipped="0" asserts="100">
          <test-suite type="ParameterizedMethod" id="1101" name="RemoveSpecialCharactersTest" fullname="Open_Lab_05._04.Tests.RemoveSpecialCharactersTest" classname="Open_Lab_05._04.Tests" runstate="Runnable" testcasecount="100" result="Passed" start-time="2021-12-28 18:52:33Z" end-time="2021-12-28 18:52:33Z" duration="0.151727" total="100" passed="100" failed="0" warnings="0" inconclusive="0" skipped="0" asserts="100">
            <test-case id="1001" name="RemoveSpecialCharactersTest(&quot;The quick brown fox!&quot;,&quot;The quick brown fox&quot;)" fullname="Open_Lab_05._04.Tests.RemoveSpecialCharactersTest(&quot;The quick brown fox!&quot;,&quot;The quick brown fox&quot;)" methodname="RemoveSpecialCharactersTest" classname="Open_Lab_05._04.Tests" runstate="Runnable" seed="1155672399" result="Passed" start-time="2021-12-28 18:52:33Z" end-time="2021-12-28 18:52:33Z" duration="0.054596" asserts="1" />
            <test-case id="1002" name="RemoveSpecialCharactersTest(&quot;%fd76$fd(-)6GvKlO.&quot;,&quot;fd76fd-6GvKlO&quot;)" fullname="Open_Lab_05._04.Tests.RemoveSpecialCharactersTest(&quot;%fd76$fd(-)6GvKlO.&quot;,&quot;fd76fd-6GvKlO&quot;)" methodname="RemoveSpecialCharactersTest" classname="Open_Lab_05._04.Tests" runstate="Runnable" seed="372192511" result="Passed" start-time="2021-12-28 18:52:33Z" end-time="2021-12-28 18:52:33Z" duration="0.000320" asserts="1" />
            <test-case id="1003" name="RemoveSpecialCharactersTest(&quot;D0n$c sed 0di0 du1&quot;,&quot;D0nc sed 0di0 du1&quot;)" fullname="Open_Lab_05._04.Tests.RemoveSpecialCharactersTest(&quot;D0n$c sed 0di0 du1&quot;,&quot;D0nc sed 0di0 du1&quot;)" methodname="RemoveSpecialCharactersTest" classname="Open_Lab_05._04.Tests" runstate="Runnable" seed="454116640" result="Passed" start-time="2021-12-28 18:52:33Z" end-time="2021-12-28 18:52:33Z" duration="0.000141" asserts="1" />
            <test-case id="1004" name="RemoveSpecialCharactersTest(&quot;v2CE&amp;p6RpoD)#s$&quot;,&quot;v2CEp6RpoDs&quot;)" fullname="Open_Lab_05._04.Tests.RemoveSpecialCharactersTest(&quot;v2CE&amp;p6RpoD)#s$&quot;,&quot;v2CEp6RpoDs&quot;)" methodname="RemoveSpecialCharactersTest" classname="Open_Lab_05._04.Tests" runstate="Runnable" seed="939622959" result="Passed" start-time="2021-12-28 18:52:33Z" end-time="2021-12-28 18:52:33Z" duration="0.000191" asserts="1" />
            <test-case id="1005" name="RemoveSpecialCharactersTest(&quot;x&quot;,&quot;x&quot;)" fullname="Open_Lab_05._04.Tests.RemoveSpecialCharactersTest(&quot;x&quot;,&quot;x&quot;)" methodname="RemoveSpecialCharactersTest" classname="Open_Lab_05._04.Tests" runstate="Runnable" seed="1118237736" result="Passed" start-time="2021-12-28 18:52:33Z" end-time="2021-12-28 18:52:33Z" duration="0.000224" asserts="1" />
            <test-case id="1006" name="RemoveSpecialCharactersTest(&quot;IhesWS2Q&amp;(t&quot;,&quot;IhesWS2Qt&quot;)" fullname="Open_Lab_05._04.Tests.RemoveSpecialCharactersTest(&quot;IhesWS2Q&amp;(t&quot;,&quot;IhesWS2Qt&quot;)" methodname="RemoveSpecialCharactersTest" classname="Open_Lab_05._04.Tests" runstate="Runnable" seed="1580924745" result="Passed" start-time="2021-12-28 18:52:33Z" end-time="2021-12-28 18:52:33Z" duration="0.000310" asserts="1" />
            <test-case id="1007" name="RemoveSpecialCharactersTest(&quot;VPJu?oNbLd)P&gt;&quot;,&quot;VPJuoNbLdP&quot;)" fullname="Open_Lab_05._04.Tests.RemoveSpecialCharactersTest(&quot;VPJu?oNbLd)P&gt;&quot;,&quot;VPJuoNbLdP&quot;)" methodname="RemoveSpecialCharactersTest" classname="Open_Lab_05._04.Tests" runstate="Runnable" seed="2019212280" result="Passed" start-time="2021-12-28 18:52:33Z" end-time="2021-12-28 18:52:33Z" duration="0.000247" asserts="1" />
            <test-case id="1008" name="RemoveSpecialCharactersTest(&quot;#rwJ3.&quot;,&quot;rwJ3&quot;)" fullname="Open_Lab_05._04.Tests.RemoveSpecialCharactersTest(&quot;#rwJ3.&quot;,&quot;rwJ3&quot;)" methodname="RemoveSpecialCharactersTest" classname="Open_Lab_05._04.Tests" runstate="Runnable" seed="81605150" result="Passed" start-time="2021-12-28 18:52:33Z" end-time="2021-12-28 18:52:33Z" duration="0.000137" asserts="1" />
            <test-case id="1009" name="RemoveSpecialCharactersTest(&quot;*0\&quot;y#Vj2Oj.X89nZ&quot;,&quot;0yVj2OjX89nZ&quot;)" fullname="Open_Lab_05._04.Tests.RemoveSpecialCharactersTest(&quot;*0\&quot;y#Vj2Oj.X89nZ&quot;,&quot;0yVj2OjX89nZ&quot;)" methodname="RemoveSpecialCharactersTest" classname="Open_Lab_05._04.Tests" runstate="Runnable" seed="239803659" result="Passed" start-time="2021-12-28 18:52:33Z" end-time="2021-12-28 18:52:33Z" duration="0.000130" asserts="1" />
            <test-case id="1010" name="RemoveSpecialCharactersTest(&quot;S/Q&quot;,&quot;SQ&quot;)" fullname="Open_Lab_05._04.Tests.RemoveSpecialCharactersTest(&quot;S/Q&quot;,&quot;SQ&quot;)" methodname="RemoveSpecialCharactersTest" classname="Open_Lab_05._04.Tests" runstate="Runnable" seed="998066103" result="Passed" start-time="2021-12-28 18:52:33Z" end-time="2021-12-28 18:52:33Z" duration="0.000122" asserts="1" />
            <test-case id="1011" name="RemoveSpecialCharactersTest(&quot;!`_5T&quot;,&quot;_5T&quot;)" fullname="Open_Lab_05._04.Tests.RemoveSpecialCharactersTest(&quot;!`_5T&quot;,&quot;_5T&quot;)" methodname="RemoveSpecialCharactersTest" classname="Open_Lab_05._04.Tests" runstate="Runnable" seed="1798262964" result="Passed" start-time="2021-12-28 18:52:33Z" end-time="2021-12-28 18:52:33Z" duration="0.000100" asserts="1" />
            <test-case id="1012" name="RemoveSpecialCharactersTest(&quot;P;TVofj&quot;,&quot;PTVofj&quot;)" fullname="Open_Lab_05._04.Tests.RemoveSpecialCharactersTest(&quot;P;TVofj&quot;,&quot;PTVofj&quot;)" methodname="RemoveSpecialCharactersTest" classname="Open_Lab_05._04.Tests" runstate="Runnable" seed="636794057" result="Passed" start-time="2021-12-28 18:52:33Z" end-time="2021-12-28 18:52:33Z" duration="0.000130" asserts="1" />
            <test-case id="1013" name="RemoveSpecialCharactersTest(&quot;?Gv&lt;9^Oxuv&quot;,&quot;Gv9Oxuv&quot;)" fullname="Open_Lab_05._04.Tests.RemoveSpecialCharactersTest(&quot;?Gv&lt;9^Oxuv&quot;,&quot;Gv9Oxuv&quot;)" methodname="RemoveSpecialCharactersTest" classname="Open_Lab_05._04.Tests" runstate="Runnable" seed="984230282" result="Passed" start-time="2021-12-28 18:52:33Z" end-time="2021-12-28 18:52:33Z" duration="0.000098" asserts="1" />
            <test-case id="1014" name="RemoveSpecialCharactersTest(&quot;%z/8nr#XR(K&gt;dI8:ru3&quot;,&quot;z8nrXRKdI8ru3&quot;)" fullname="Open_Lab_05._04.Tests.RemoveSpecialCharactersTest(&quot;%z/8nr#XR(K&gt;dI8:ru3&quot;,&quot;z8nrXRKdI8ru3&quot;)" methodname="RemoveSpecialCharactersTest" classname="Open_Lab_05._04.Tests" runstate="Runnable" seed="1534166029" result="Passed" start-time="2021-12-28 18:52:33Z" end-time="2021-12-28 18:52:33Z" duration="0.000233" asserts="1" />
            <test-case id="1015" name="RemoveSpecialCharactersTest(&quot;mHhN2-&quot;,&quot;mHhN2-&quot;)" fullname="Open_Lab_05._04.Tests.RemoveSpecialCharactersTest(&quot;mHhN2-&quot;,&quot;mHhN2-&quot;)" methodname="RemoveSpecialCharactersTest" classname="Open_Lab_05._04.Tests" runstate="Runnable" seed="866476063" result="Passed" start-time="2021-12-28 18:52:33Z" end-time="2021-12-28 18:52:33Z" duration="0.000372" asserts="1" />
            <test-case id="1016" name="RemoveSpecialCharactersTest(&quot;qma$fc&quot;,&quot;qmafc&quot;)" fullname="Open_Lab_05._04.Tests.RemoveSpecialCharactersTest(&quot;qma$fc&quot;,&quot;qmafc&quot;)" methodname="RemoveSpecialCharactersTest" classname="Open_Lab_05._04.Tests" runstate="Runnable" seed="1647672682" result="Passed" start-time="2021-12-28 18:52:33Z" end-time="2021-12-28 18:52:33Z" duration="0.000222" asserts="1" />
            <test-case id="1017" name="RemoveSpecialCharactersTest(&quot;O&gt;@#a_l&quot;,&quot;Oa_l&quot;)" fullname="Open_Lab_05._04.Tests.RemoveSpecialCharactersTest(&quot;O&gt;@#a_l&quot;,&quot;Oa_l&quot;)" methodname="RemoveSpecialCharactersTest" classname="Open_Lab_05._04.Tests" runstate="Runnable" seed="1885534017" result="Passed" start-time="2021-12-28 18:52:33Z" end-time="2021-12-28 18:52:33Z" duration="0.000235" asserts="1" />
            <test-case id="1018" name="RemoveSpecialCharactersTest(&quot;8Co)&quot;,&quot;8Co&quot;)" fullname="Open_Lab_05._04.Tests.RemoveSpecialCharactersTest(&quot;8Co)&quot;,&quot;8Co&quot;)" methodname="RemoveSpecialCharactersTest" classname="Open_Lab_05._04.Tests" runstate="Runnable" seed="1543250539" result="Passed" start-time="2021-12-28 18:52:33Z" end-time="2021-12-28 18:52:33Z" duration="0.000227" asserts="1" />
            <test-case id="1019" name="RemoveSpecialCharactersTest(&quot;n DW#&quot;,&quot;n DW&quot;)" fullname="Open_Lab_05._04.Tests.RemoveSpecialCharactersTest(&quot;n DW#&quot;,&quot;n DW&quot;)" methodname="RemoveSpecialCharactersTest" classname="Open_Lab_05._04.Tests" runstate="Runnable" seed="516895509" result="Passed" start-time="2021-12-28 18:52:33Z" end-time="2021-12-28 18:52:33Z" duration="0.000584" asserts="1" />
            <test-case id="1020" name="RemoveSpecialCharactersTest(&quot;\\%X2[%`Z-el$`UF&quot;,&quot;X2Z-elUF&quot;)" fullname="Open_Lab_05._04.Tests.RemoveSpecialCharactersTest(&quot;\\%X2[%`Z-el$`UF&quot;,&quot;X2Z-elUF&quot;)" methodname="RemoveSpecialCharactersTest" classname="Open_Lab_05._04.Tests" runstate="Runnable" seed="1961588051" result="Passed" start-time="2021-12-28 18:52:33Z" end-time="2021-12-28 18:52:33Z" duration="0.000200" asserts="1" />
            <test-case id="1021" name="RemoveSpecialCharactersTest(&quot;uuo4OH^0EZ(uDpI) $&amp;&quot;,&quot;uuo4OH0EZuDpI &quot;)" fullname="Open_Lab_05._04.Tests.RemoveSpecialCharactersTest(&quot;uuo4OH^0EZ(uDpI) $&amp;&quot;,&quot;uuo4OH0EZuDpI &quot;)" methodname="RemoveSpecialCharactersTest" classname="Open_Lab_05._04.Tests" runstate="Runnable" seed="306952200" result="Passed" start-time="2021-12-28 18:52:33Z" end-time="2021-12-28 18:52:33Z" duration="0.000219" asserts="1" />
            <test-case id="1022" name="RemoveSpecialCharactersTest(&quot;r,_x $&quot;,&quot;r_x &quot;)" fullname="Open_Lab_05._04.Tests.RemoveSpecialCharactersTest(&quot;r,_x $&quot;,&quot;r_x &quot;)" methodname="RemoveSpecialCharactersTest" classname="Open_Lab_05._04.Tests" runstate="Runnable" seed="319644096" result="Passed" start-time="2021-12-28 18:52:33Z" end-time="2021-12-28 18:52:33Z" duration="0.000110" asserts="1" />
            <test-case id="1023" name="RemoveSpecialCharactersTest(&quot;CG&gt;.Ngt&amp;Jcj14A&quot;,&quot;CGNgtJcj14A&quot;)" fullname="Open_Lab_05._04.Tests.RemoveSpecialCharactersTest(&quot;CG&gt;.Ngt&amp;Jcj14A&quot;,&quot;CGNgtJcj14A&quot;)" methodname="RemoveSpecialCharactersTest" classname="Open_Lab_05._04.Tests" runstate="Runnable" seed="40444532" result="Passed" start-time="2021-12-28 18:52:33Z" end-time="2021-12-28 18:52:33Z" duration="0.000115" asserts="1" />
            <test-case id="1024" name="RemoveSpecialCharactersTest(&quot;g xe67&lt;b#&quot;,&quot;g xe67b&quot;)" fullname="Open_Lab_05._04.Tests.RemoveSpecialCharactersTest(&quot;g xe67&lt;b#&quot;,&quot;g xe67b&quot;)" methodname="RemoveSpecialCharactersTest" classname="Open_Lab_05._04.Tests" runstate="Runnable" seed="1626793242" result="Passed" start-time="2021-12-28 18:52:33Z" end-time="2021-12-28 18:52:33Z" duration="0.000100" asserts="1" />
            <test-case id="1025" name="RemoveSpecialCharactersTest(&quot;N-\&quot;i5r3Jd;d&amp;KU&quot;,&quot;N-i5r3JddKU&quot;)" fullname="Open_Lab_05._04.Tests.RemoveSpecialCharactersTest(&quot;N-\&quot;i5r3Jd;d&amp;KU&quot;,&quot;N-i5r3JddKU&quot;)" methodname="RemoveSpecialCharactersTest" classname="Open_Lab_05._04.Tests" runstate="Runnable" seed="1751374476" result="Passed" start-time="2021-12-28 18:52:33Z" end-time="2021-12-28 18:52:33Z" duration="0.000098" asserts="1" />
            <test-case id="1026" name="RemoveSpecialCharactersTest(&quot;JizA&quot;,&quot;JizA&quot;)" fullname="Open_Lab_05._04.Tests.RemoveSpecialCharactersTest(&quot;JizA&quot;,&quot;JizA&quot;)" methodname="RemoveSpecialCharactersTest" classname="Open_Lab_05._04.Tests" runstate="Runnable" seed="1932831850" result="Passed" start-time="2021-12-28 18:52:33Z" end-time="2021-12-28 18:52:33Z" duration="0.000091" asserts="1" />
            <test-case id="1027" name="RemoveSpecialCharactersTest(&quot;nmrJ&quot;,&quot;nmrJ&quot;)" fullname="Open_Lab_05._04.Tests.RemoveSpecialCharactersTest(&quot;nmrJ&quot;,&quot;nmrJ&quot;)" methodname="RemoveSpecialCharactersTest" classname="Open_Lab_05._04.Tests" runstate="Runnable" seed="757974081" result="Passed" start-time="2021-12-28 18:52:33Z" end-time="2021-12-28 18:52:33Z" duration="0.000138" asserts="1" />
            <test-case id="1028" name="RemoveSpecialCharactersTest(&quot;^ 6hG&amp;_&quot;,&quot; 6hG_&quot;)" fullname="Open_Lab_05._04.Tests.RemoveSpecialCharactersTest(&quot;^ 6hG&amp;_&quot;,&quot; 6hG_&quot;)" methodname="RemoveSpecialCharactersTest" classname="Open_Lab_05._04.Tests" runstate="Runnable" seed="949786857" result="Passed" start-time="2021-12-28 18:52:33Z" end-time="2021-12-28 18:52:33Z" duration="0.000140" asserts="1" />
            <test-case id="1029" name="RemoveSpecialCharactersTest(&quot;NzYq84l&quot;,&quot;NzYq84l&quot;)" fullname="Open_Lab_05._04.Tests.RemoveSpecialCharactersTest(&quot;NzYq84l&quot;,&quot;NzYq84l&quot;)" methodname="RemoveSpecialCharactersTest" classname="Open_Lab_05._04.Tests" runstate="Runnable" seed="2010319324" result="Passed" start-time="2021-12-28 18:52:33Z" end-time="2021-12-28 18:52:33Z" duration="0.000240" asserts="1" />
            <test-case id="1030" name="RemoveSpecialCharactersTest(&quot;bK&amp;^aPCWgH=Al&quot;,&quot;bKaPCWgHAl&quot;)" fullname="Open_Lab_05._04.Tests.RemoveSpecialCharactersTest(&quot;bK&amp;^aPCWgH=Al&quot;,&quot;bKaPCWgHAl&quot;)" methodname="RemoveSpecialCharactersTest" classname="Open_Lab_05._04.Tests" runstate="Runnable" seed="836750045" result="Passed" start-time="2021-12-28 18:52:33Z" end-time="2021-12-28 18:52:33Z" duration="0.000198" asserts="1" />
            <test-case id="1031" name="RemoveSpecialCharactersTest(&quot;\\6SIQqx\\&lt;4$exUOT&quot;,&quot;6SIQqx4exUOT&quot;)" fullname="Open_Lab_05._04.Tests.RemoveSpecialCharactersTest(&quot;\\6SIQqx\\&lt;4$exUOT&quot;,&quot;6SIQqx4exUOT&quot;)" methodname="RemoveSpecialCharactersTest" classname="Open_Lab_05._04.Tests" runstate="Runnable" seed="588567641" result="Passed" start-time="2021-12-28 18:52:33Z" end-time="2021-12-28 18:52:33Z" duration="0.000243" asserts="1" />
            <test-case id="1032" name="RemoveSpecialCharactersTest(&quot;ePU+AlfX.XY&quot;,&quot;ePUAlfXXY&quot;)" fullname="Open_Lab_05._04.Tests.RemoveSpecialCharactersTest(&quot;ePU+AlfX.XY&quot;,&quot;ePUAlfXXY&quot;)" methodname="RemoveSpecialCharactersTest" classname="Open_Lab_05._04.Tests" runstate="Runnable" seed="1640773557" result="Passed" start-time="2021-12-28 18:52:33Z" end-time="2021-12-28 18:52:33Z" duration="0.000148" asserts="1" />
            <test-case id="1033" name="RemoveSpecialCharactersTest(&quot;z&quot;,&quot;z&quot;)" fullname="Open_Lab_05._04.Tests.RemoveSpecialCharactersTest(&quot;z&quot;,&quot;z&quot;)" methodname="RemoveSpecialCharactersTest" classname="Open_Lab_05._04.Tests" runstate="Runnable" seed="1913388810" result="Passed" start-time="2021-12-28 18:52:33Z" end-time="2021-12-28 18:52:33Z" duration="0.000101" asserts="1" />
            <test-case id="1034" name="RemoveSpecialCharactersTest(&quot;&gt;I`&gt;B&gt;i^uY%/lZw&quot;,&quot;IBiuYlZw&quot;)" fullname="Open_Lab_05._04.Tests.RemoveSpecialCharactersTest(&quot;&gt;I`&gt;B&gt;i^uY%/lZw&quot;,&quot;IBiuYlZw&quot;)" methodname="RemoveSpecialCharactersTest" classname="Open_Lab_05._04.Tests" runstate="Runnable" seed="990192185" result="Passed" start-time="2021-12-28 18:52:33Z" end-time="2021-12-28 18:52:33Z" duration="0.000224" asserts="1" />
            <test-case id="1035" name="RemoveSpecialCharactersTest(&quot;h'2rSl7\\;Egl&quot;,&quot;h2rSl7Egl&quot;)" fullname="Open_Lab_05._04.Tests.RemoveSpecialCharactersTest(&quot;h'2rSl7\\;Egl&quot;,&quot;h2rSl7Egl&quot;)" methodname="RemoveSpecialCharactersTest" classname="Open_Lab_05._04.Tests" runstate="Runnable" seed="2076784397" result="Passed" start-time="2021-12-28 18:52:33Z" end-time="2021-12-28 18:52:33Z" duration="0.000133" asserts="1" />
            <test-case id="1036" name="RemoveSpecialCharactersTest(&quot;9&gt;[=K`;7&quot;,&quot;9K7&quot;)" fullname="Open_Lab_05._04.Tests.RemoveSpecialCharactersTest(&quot;9&gt;[=K`;7&quot;,&quot;9K7&quot;)" methodname="RemoveSpecialCharactersTest" classname="Open_Lab_05._04.Tests" runstate="Runnable" seed="1564655095" result="Passed" start-time="2021-12-28 18:52:33Z" end-time="2021-12-28 18:52:33Z" duration="0.000100" asserts="1" />
            <test-case id="1037" name="RemoveSpecialCharactersTest(&quot;-6b&amp;Uv&quot;,&quot;-6bUv&quot;)" fullname="Open_Lab_05._04.Tests.RemoveSpecialCharactersTest(&quot;-6b&amp;Uv&quot;,&quot;-6bUv&quot;)" methodname="RemoveSpecialCharactersTest" classname="Open_Lab_05._04.Tests" runstate="Runnable" seed="760378837" result="Passed" start-time="2021-12-28 18:52:33Z" end-time="2021-12-28 18:52:33Z" duration="0.000104" asserts="1" />
            <test-case id="1038" name="RemoveSpecialCharactersTest(&quot;2z&quot;,&quot;2z&quot;)" fullname="Open_Lab_05._04.Tests.RemoveSpecialCharactersTest(&quot;2z&quot;,&quot;2z&quot;)" methodname="RemoveSpecialCharactersTest" classname="Open_Lab_05._04.Tests" runstate="Runnable" seed="1146077741" result="Passed" start-time="2021-12-28 18:52:33Z" end-time="2021-12-28 18:52:33Z" duration="0.000098" asserts="1" />
            <test-case id="1039" name="RemoveSpecialCharactersTest(&quot;\\Wj&quot;,&quot;Wj&quot;)" fullname="Open_Lab_05._04.Tests.RemoveSpecialCharactersTest(&quot;\\Wj&quot;,&quot;Wj&quot;)" methodname="RemoveSpecialCharactersTest" classname="Open_Lab_05._04.Tests" runstate="Runnable" seed="1101895811" result="Passed" start-time="2021-12-28 18:52:33Z" end-time="2021-12-28 18:52:33Z" duration="0.000105" asserts="1" />
            <test-case id="1040" name="RemoveSpecialCharactersTest(&quot;i(0M2$#xQx;[&quot;,&quot;i0M2xQx&quot;)" fullname="Open_Lab_05._04.Tests.RemoveSpecialCharactersTest(&quot;i(0M2$#xQx;[&quot;,&quot;i0M2xQx&quot;)" methodname="RemoveSpecialCharactersTest" classname="Open_Lab_05._04.Tests" runstate="Runnable" seed="1407187076" result="Passed" start-time="2021-12-28 18:52:33Z" end-time="2021-12-28 18:52:33Z" duration="0.000097" asserts="1" />
            <test-case id="1041" name="RemoveSpecialCharactersTest(&quot;DlAt[:Q&quot;,&quot;DlAtQ&quot;)" fullname="Open_Lab_05._04.Tests.RemoveSpecialCharactersTest(&quot;DlAt[:Q&quot;,&quot;DlAtQ&quot;)" methodname="RemoveSpecialCharactersTest" classname="Open_Lab_05._04.Tests" runstate="Runnable" seed="813806976" result="Passed" start-time="2021-12-28 18:52:33Z" end-time="2021-12-28 18:52:33Z" duration="0.000447" asserts="1" />
            <test-case id="1042" name="RemoveSpecialCharactersTest(&quot;w/L6;U(F[0fJgl4:3(3&quot;,&quot;wL6UF0fJgl433&quot;)" fullname="Open_Lab_05._04.Tests.RemoveSpecialCharactersTest(&quot;w/L6;U(F[0fJgl4:3(3&quot;,&quot;wL6UF0fJgl433&quot;)" methodname="RemoveSpecialCharactersTest" classname="Open_Lab_05._04.Tests" runstate="Runnable" seed="1798735886" result="Passed" start-time="2021-12-28 18:52:33Z" end-time="2021-12-28 18:52:33Z" duration="0.000196" asserts="1" />
            <test-case id="1043" name="RemoveSpecialCharactersTest(&quot;0_efu&quot;,&quot;0_efu&quot;)" fullname="Open_Lab_05._04.Tests.RemoveSpecialCharactersTest(&quot;0_efu&quot;,&quot;0_efu&quot;)" methodname="RemoveSpecialCharactersTest" classname="Open_Lab_05._04.Tests" runstate="Runnable" seed="2138048977" result="Passed" start-time="2021-12-28 18:52:33Z" end-time="2021-12-28 18:52:33Z" duration="0.000179" asserts="1" />
            <test-case id="1044" name="RemoveSpecialCharactersTest(&quot;\\@Y2 &lt;8Wms_7rI&quot;,&quot;Y2 8Wms_7rI&quot;)" fullname="Open_Lab_05._04.Tests.RemoveSpecialCharactersTest(&quot;\\@Y2 &lt;8Wms_7rI&quot;,&quot;Y2 8Wms_7rI&quot;)" methodname="RemoveSpecialCharactersTest" classname="Open_Lab_05._04.Tests" runstate="Runnable" seed="662983470" result="Passed" start-time="2021-12-28 18:52:33Z" end-time="2021-12-28 18:52:33Z" duration="0.000092" asserts="1" />
            <test-case id="1045" name="RemoveSpecialCharactersTest(&quot;QqhP0NSX&amp;aR'&gt;e8Ea;Z&quot;,&quot;QqhP0NSXaRe8EaZ&quot;)" fullname="Open_Lab_05._04.Tests.RemoveSpecialCharactersTest(&quot;QqhP0NSX&amp;aR'&gt;e8Ea;Z&quot;,&quot;QqhP0NSXaRe8EaZ&quot;)" methodname="RemoveSpecialCharactersTest" classname="Open_Lab_05._04.Tests" runstate="Runnable" seed="1113397609" result="Passed" start-time="2021-12-28 18:52:33Z" end-time="2021-12-28 18:52:33Z" duration="0.000100" asserts="1" />
            <test-case id="1046" name="RemoveSpecialCharactersTest(&quot;bgH/I2/z&lt;Vv1d9Yiw5d&quot;,&quot;bgHI2zVv1d9Yiw5d&quot;)" fullname="Open_Lab_05._04.Tests.RemoveSpecialCharactersTest(&quot;bgH/I2/z&lt;Vv1d9Yiw5d&quot;,&quot;bgHI2zVv1d9Yiw5d&quot;)" methodname="RemoveSpecialCharactersTest" classname="Open_Lab_05._04.Tests" runstate="Runnable" seed="1353059700" result="Passed" start-time="2021-12-28 18:52:33Z" end-time="2021-12-28 18:52:33Z" duration="0.000082" asserts="1" />
            <test-case id="1047" name="RemoveSpecialCharactersTest(&quot;)cR&quot;,&quot;cR&quot;)" fullname="Open_Lab_05._04.Tests.RemoveSpecialCharactersTest(&quot;)cR&quot;,&quot;cR&quot;)" methodname="RemoveSpecialCharactersTest" classname="Open_Lab_05._04.Tests" runstate="Runnable" seed="1109618491" result="Passed" start-time="2021-12-28 18:52:33Z" end-time="2021-12-28 18:52:33Z" duration="0.000091" asserts="1" />
            <test-case id="1048" name="RemoveSpecialCharactersTest(&quot;I5umUMxv7P&quot;,&quot;I5umUMxv7P&quot;)" fullname="Open_Lab_05._04.Tests.RemoveSpecialCharactersTest(&quot;I5umUMxv7P&quot;,&quot;I5umUMxv7P&quot;)" methodname="RemoveSpecialCharactersTest" classname="Open_Lab_05._04.Tests" runstate="Runnable" seed="979942235" result="Passed" start-time="2021-12-28 18:52:33Z" end-time="2021-12-28 18:52:33Z" duration="0.000107" asserts="1" />
            <test-case id="1049" name="RemoveSpecialCharactersTest(&quot;dIX&amp;y&quot;,&quot;dIXy&quot;)" fullname="Open_Lab_05._04.Tests.RemoveSpecialCharactersTest(&quot;dIX&amp;y&quot;,&quot;dIXy&quot;)" methodname="RemoveSpecialCharactersTest" classname="Open_Lab_05._04.Tests" runstate="Runnable" seed="2134170072" result="Passed" start-time="2021-12-28 18:52:33Z" end-time="2021-12-28 18:52:33Z" duration="0.000081" asserts="1" />
            <test-case id="1050" name="RemoveSpecialCharactersTest(&quot;S;KeA=$&quot;,&quot;SKeA&quot;)" fullname="Open_Lab_05._04.Tests.RemoveSpecialCharactersTest(&quot;S;KeA=$&quot;,&quot;SKeA&quot;)" methodname="RemoveSpecialCharactersTest" classname="Open_Lab_05._04.Tests" runstate="Runnable" seed="283131956" result="Passed" start-time="2021-12-28 18:52:33Z" end-time="2021-12-28 18:52:33Z" duration="0.000092" asserts="1" />
            <test-case id="1051" name="RemoveSpecialCharactersTest(&quot;JHK&quot;,&quot;JHK&quot;)" fullname="Open_Lab_05._04.Tests.RemoveSpecialCharactersTest(&quot;JHK&quot;,&quot;JHK&quot;)" methodname="RemoveSpecialCharactersTest" classname="Open_Lab_05._04.Tests" runstate="Runnable" seed="708959781" result="Passed" start-time="2021-12-28 18:52:33Z" end-time="2021-12-28 18:52:33Z" duration="0.000077" asserts="1" />
            <test-case id="1052" name="RemoveSpecialCharactersTest(&quot;Njz5w`48=EjY&quot;,&quot;Njz5w48EjY&quot;)" fullname="Open_Lab_05._04.Tests.RemoveSpecialCharactersTest(&quot;Njz5w`48=EjY&quot;,&quot;Njz5w48EjY&quot;)" methodname="RemoveSpecialCharactersTest" classname="Open_Lab_05._04.Tests" runstate="Runnable" seed="1311663361" result="Passed" start-time="2021-12-28 18:52:33Z" end-time="2021-12-28 18:52:33Z" duration="0.000081" asserts="1" />
            <test-case id="1053" name="RemoveSpecialCharactersTest(&quot;t&quot;,&quot;t&quot;)" fullname="Open_Lab_05._04.Tests.RemoveSpecialCharactersTest(&quot;t&quot;,&quot;t&quot;)" methodname="RemoveSpecialCharactersTest" classname="Open_Lab_05._04.Tests" runstate="Runnable" seed="878285056" result="Passed" start-time="2021-12-28 18:52:33Z" end-time="2021-12-28 18:52:33Z" duration="0.000089" asserts="1" />
            <test-case id="1054" name="RemoveSpecialCharactersTest(&quot;&amp;o?&gt;.&quot;,&quot;o&quot;)" fullname="Open_Lab_05._04.Tests.RemoveSpecialCharactersTest(&quot;&amp;o?&gt;.&quot;,&quot;o&quot;)" methodname="RemoveSpecialCharactersTest" classname="Open_Lab_05._04.Tests" runstate="Runnable" seed="809975923" result="Passed" start-time="2021-12-28 18:52:33Z" end-time="2021-12-28 18:52:33Z" duration="0.000084" asserts="1" />
            <test-case id="1055" name="RemoveSpecialCharactersTest(&quot;hPH'a'spa+$LDda3&quot;,&quot;hPHaspaLDda3&quot;)" fullname="Open_Lab_05._04.Tests.RemoveSpecialCharactersTest(&quot;hPH'a'spa+$LDda3&quot;,&quot;hPHaspaLDda3&quot;)" methodname="RemoveSpecialCharactersTest" classname="Open_Lab_05._04.Tests" runstate="Runnable" seed="963526681" result="Passed" start-time="2021-12-28 18:52:33Z" end-time="2021-12-28 18:52:33Z" duration="0.000094" asserts="1" />
            <test-case id="1056" name="RemoveSpecialCharactersTest(&quot;Lsma!.LleG)&quot;,&quot;LsmaLleG&quot;)" fullname="Open_Lab_05._04.Tests.RemoveSpecialCharactersTest(&quot;Lsma!.LleG)&quot;,&quot;LsmaLleG&quot;)" methodname="RemoveSpecialCharactersTest" classname="Open_Lab_05._04.Tests" runstate="Runnable" seed="885618289" result="Passed" start-time="2021-12-28 18:52:33Z" end-time="2021-12-28 18:52:33Z" duration="0.000093" asserts="1" />
            <test-case id="1057" name="RemoveSpecialCharactersTest(&quot;7*)&lt;g`9R-5X;BW:e,V/M&quot;,&quot;7g9R-5XBWeVM&quot;)" fullname="Open_Lab_05._04.Tests.RemoveSpecialCharactersTest(&quot;7*)&lt;g`9R-5X;BW:e,V/M&quot;,&quot;7g9R-5XBWeVM&quot;)" methodname="RemoveSpecialCharactersTest" classname="Open_Lab_05._04.Tests" runstate="Runnable" seed="576965217" result="Passed" start-time="2021-12-28 18:52:33Z" end-time="2021-12-28 18:52:33Z" duration="0.000120" asserts="1" />
            <test-case id="1058" name="RemoveSpecialCharactersTest(&quot;?nF&lt;$gAw5w[jrI u/X&quot;,&quot;nFgAw5wjrI uX&quot;)" fullname="Open_Lab_05._04.Tests.RemoveSpecialCharactersTest(&quot;?nF&lt;$gAw5w[jrI u/X&quot;,&quot;nFgAw5wjrI uX&quot;)" methodname="RemoveSpecialCharactersTest" classname="Open_Lab_05._04.Tests" runstate="Runnable" seed="633270493" result="Passed" start-time="2021-12-28 18:52:33Z" end-time="2021-12-28 18:52:33Z" duration="0.000092" asserts="1" />
            <test-case id="1059" name="RemoveSpecialCharactersTest(&quot;G&quot;,&quot;G&quot;)" fullname="Open_Lab_05._04.Tests.RemoveSpecialCharactersTest(&quot;G&quot;,&quot;G&quot;)" methodname="RemoveSpecialCharactersTest" classname="Open_Lab_05._04.Tests" runstate="Runnable" seed="1335732130" result="Passed" start-time="2021-12-28 18:52:33Z" end-time="2021-12-28 18:52:33Z" duration="0.000089" asserts="1" />
            <test-case id="1060" name="RemoveSpecialCharactersTest(&quot;B6:Q&gt;Doa`.8V*s&quot;,&quot;B6QDoa8Vs&quot;)" fullname="Open_Lab_05._04.Tests.RemoveSpecialCharactersTest(&quot;B6:Q&gt;Doa`.8V*s&quot;,&quot;B6QDoa8Vs&quot;)" methodname="RemoveSpecialCharactersTest" classname="Open_Lab_05._04.Tests" runstate="Runnable" seed="1332889533" result="Passed" start-time="2021-12-28 18:52:33Z" end-time="2021-12-28 18:52:33Z" duration="0.000294" asserts="1" />
            <test-case id="1061" name="RemoveSpecialCharactersTest(&quot;] btrU&quot;,&quot; btrU&quot;)" fullname="Open_Lab_05._04.Tests.RemoveSpecialCharactersTest(&quot;] btrU&quot;,&quot; btrU&quot;)" methodname="RemoveSpecialCharactersTest" classname="Open_Lab_05._04.Tests" runstate="Runnable" seed="822950664" result="Passed" start-time="2021-12-28 18:52:33Z" end-time="2021-12-28 18:52:33Z" duration="0.000167" asserts="1" />
            <test-case id="1062" name="RemoveSpecialCharactersTest(&quot;9xLK.9kwy,%1xW,eaBM&quot;,&quot;9xLK9kwy1xWeaBM&quot;)" fullname="Open_Lab_05._04.Tests.RemoveSpecialCharactersTest(&quot;9xLK.9kwy,%1xW,eaBM&quot;,&quot;9xLK9kwy1xWeaBM&quot;)" methodname="RemoveSpecialCharactersTest" classname="Open_Lab_05._04.Tests" runstate="Runnable" seed="1069425423" result="Passed" start-time="2021-12-28 18:52:33Z" end-time="2021-12-28 18:52:33Z" duration="0.000118" asserts="1" />
            <test-case id="1063" name="RemoveSpecialCharactersTest(&quot;PhC3g&quot;,&quot;PhC3g&quot;)" fullname="Open_Lab_05._04.Tests.RemoveSpecialCharactersTest(&quot;PhC3g&quot;,&quot;PhC3g&quot;)" methodname="RemoveSpecialCharactersTest" classname="Open_Lab_05._04.Tests" runstate="Runnable" seed="218769473" result="Passed" start-time="2021-12-28 18:52:33Z" end-time="2021-12-28 18:52:33Z" duration="0.000123" asserts="1" />
            <test-case id="1064" name="RemoveSpecialCharactersTest(&quot;e7.p*P&amp;Jx&lt;%&quot;,&quot;e7pPJx&quot;)" fullname="Open_Lab_05._04.Tests.RemoveSpecialCharactersTest(&quot;e7.p*P&amp;Jx&lt;%&quot;,&quot;e7pPJx&quot;)" methodname="RemoveSpecialCharactersTest" classname="Open_Lab_05._04.Tests" runstate="Runnable" seed="1550537261" result="Passed" start-time="2021-12-28 18:52:33Z" end-time="2021-12-28 18:52:33Z" duration="0.001572" asserts="1" />
            <test-case id="1065" name="RemoveSpecialCharactersTest(&quot;6Vpc/+PtvZQ6!RE@BL&quot;,&quot;6VpcPtvZQ6REBL&quot;)" fullname="Open_Lab_05._04.Tests.RemoveSpecialCharactersTest(&quot;6Vpc/+PtvZQ6!RE@BL&quot;,&quot;6VpcPtvZQ6REBL&quot;)" methodname="RemoveSpecialCharactersTest" classname="Open_Lab_05._04.Tests" runstate="Runnable" seed="409498462" result="Passed" start-time="2021-12-28 18:52:33Z" end-time="2021-12-28 18:52:33Z" duration="0.000166" asserts="1" />
            <test-case id="1066" name="RemoveSpecialCharactersTest(&quot;9_XOSh(!P+MZ&quot;,&quot;9_XOShPMZ&quot;)" fullname="Open_Lab_05._04.Tests.RemoveSpecialCharactersTest(&quot;9_XOSh(!P+MZ&quot;,&quot;9_XOShPMZ&quot;)" methodname="RemoveSpecialCharactersTest" classname="Open_Lab_05._04.Tests" runstate="Runnable" seed="157489407" result="Passed" start-time="2021-12-28 18:52:33Z" end-time="2021-12-28 18:52:33Z" duration="0.000136" asserts="1" />
            <test-case id="1067" name="RemoveSpecialCharactersTest(&quot;`n+q?gX7]nU*asoS*&quot;,&quot;nqgX7nUasoS&quot;)" fullname="Open_Lab_05._04.Tests.RemoveSpecialCharactersTest(&quot;`n+q?gX7]nU*asoS*&quot;,&quot;nqgX7nUasoS&quot;)" methodname="RemoveSpecialCharactersTest" classname="Open_Lab_05._04.Tests" runstate="Runnable" seed="870888894" result="Passed" start-time="2021-12-28 18:52:33Z" end-time="2021-12-28 18:52:33Z" duration="0.000226" asserts="1" />
            <test-case id="1068" name="RemoveSpecialCharactersTest(&quot;'Kag.X'=u'* hH &quot;,&quot;KagXu hH &quot;)" fullname="Open_Lab_05._04.Tests.RemoveSpecialCharactersTest(&quot;'Kag.X'=u'* hH &quot;,&quot;KagXu hH &quot;)" methodname="RemoveSpecialCharactersTest" classname="Open_Lab_05._04.Tests" runstate="Runnable" seed="2141521744" result="Passed" start-time="2021-12-28 18:52:33Z" end-time="2021-12-28 18:52:33Z" duration="0.000091" asserts="1" />
            <test-case id="1069" name="RemoveSpecialCharactersTest(&quot;Q.FN Un&gt;Vl\&quot;Dmp4&quot;,&quot;QFN UnVlDmp4&quot;)" fullname="Open_Lab_05._04.Tests.RemoveSpecialCharactersTest(&quot;Q.FN Un&gt;Vl\&quot;Dmp4&quot;,&quot;QFN UnVlDmp4&quot;)" methodname="RemoveSpecialCharactersTest" classname="Open_Lab_05._04.Tests" runstate="Runnable" seed="1604865279" result="Passed" start-time="2021-12-28 18:52:33Z" end-time="2021-12-28 18:52:33Z" duration="0.000098" asserts="1" />
            <test-case id="1070" name="RemoveSpecialCharactersTest(&quot;EEE.*s_Nj\&quot;&quot;,&quot;EEEs_Nj&quot;)" fullname="Open_Lab_05._04.Tests.RemoveSpecialCharactersTest(&quot;EEE.*s_Nj\&quot;&quot;,&quot;EEEs_Nj&quot;)" methodname="RemoveSpecialCharactersTest" classname="Open_Lab_05._04.Tests" runstate="Runnable" seed="1449304615" result="Passed" start-time="2021-12-28 18:52:33Z" end-time="2021-12-28 18:52:33Z" duration="0.000081" asserts="1" />
            <test-case id="1071" name="RemoveSpecialCharactersTest(&quot;Q,]%-*!Ba,W`MXB0&lt;&quot;,&quot;Q-BaWMXB0&quot;)" fullname="Open_Lab_05._04.Tests.RemoveSpecialCharactersTest(&quot;Q,]%-*!Ba,W`MXB0&lt;&quot;,&quot;Q-BaWMXB0&quot;)" methodname="RemoveSpecialCharactersTest" classname="Open_Lab_05._04.Tests" runstate="Runnable" seed="887293845" result="Passed" start-time="2021-12-28 18:52:33Z" end-time="2021-12-28 18:52:33Z" duration="0.000097" asserts="1" />
            <test-case id="1072" name="RemoveSpecialCharactersTest(&quot;^J%m[UC\&quot;lVXI&quot;,&quot;JmUClVXI&quot;)" fullname="Open_Lab_05._04.Tests.RemoveSpecialCharactersTest(&quot;^J%m[UC\&quot;lVXI&quot;,&quot;JmUClVXI&quot;)" methodname="RemoveSpecialCharactersTest" classname="Open_Lab_05._04.Tests" runstate="Runnable" seed="739456276" result="Passed" start-time="2021-12-28 18:52:33Z" end-time="2021-12-28 18:52:33Z" duration="0.000092" asserts="1" />
            <test-case id="1073" name="RemoveSpecialCharactersTest(&quot;_xc&lt;1tfp9lMN&lt;i_sQbc&quot;,&quot;_xc1tfp9lMNi_sQbc&quot;)" fullname="Open_Lab_05._04.Tests.RemoveSpecialCharactersTest(&quot;_xc&lt;1tfp9lMN&lt;i_sQbc&quot;,&quot;_xc1tfp9lMNi_sQbc&quot;)" methodname="RemoveSpecialCharactersTest" classname="Open_Lab_05._04.Tests" runstate="Runnable" seed="441354728" result="Passed" start-time="2021-12-28 18:52:33Z" end-time="2021-12-28 18:52:33Z" duration="0.000085" asserts="1" />
            <test-case id="1074" name="RemoveSpecialCharactersTest(&quot;s,Rg^L']&quot;,&quot;sRgL&quot;)" fullname="Open_Lab_05._04.Tests.RemoveSpecialCharactersTest(&quot;s,Rg^L']&quot;,&quot;sRgL&quot;)" methodname="RemoveSpecialCharactersTest" classname="Open_Lab_05._04.Tests" runstate="Runnable" seed="1257192080" result="Passed" start-time="2021-12-28 18:52:33Z" end-time="2021-12-28 18:52:33Z" duration="0.000118" asserts="1" />
            <test-case id="1075" name="RemoveSpecialCharactersTest(&quot;9Fe&quot;,&quot;9Fe&quot;)" fullname="Open_Lab_05._04.Tests.RemoveSpecialCharactersTest(&quot;9Fe&quot;,&quot;9Fe&quot;)" methodname="RemoveSpecialCharactersTest" classname="Open_Lab_05._04.Tests" runstate="Runnable" seed="1147781075" result="Passed" start-time="2021-12-28 18:52:33Z" end-time="2021-12-28 18:52:33Z" duration="0.000201" asserts="1" />
            <test-case id="1076" name="RemoveSpecialCharactersTest(&quot;4scd;0&quot;,&quot;4scd0&quot;)" fullname="Open_Lab_05._04.Tests.RemoveSpecialCharactersTest(&quot;4scd;0&quot;,&quot;4scd0&quot;)" methodname="RemoveSpecialCharactersTest" classname="Open_Lab_05._04.Tests" runstate="Runnable" seed="655699961" result="Passed" start-time="2021-12-28 18:52:33Z" end-time="2021-12-28 18:52:33Z" duration="0.000272" asserts="1" />
            <test-case id="1077" name="RemoveSpecialCharactersTest(&quot;P`DYR?&quot;,&quot;PDYR&quot;)" fullname="Open_Lab_05._04.Tests.RemoveSpecialCharactersTest(&quot;P`DYR?&quot;,&quot;PDYR&quot;)" methodname="RemoveSpecialCharactersTest" classname="Open_Lab_05._04.Tests" runstate="Runnable" seed="329078766" result="Passed" start-time="2021-12-28 18:52:33Z" end-time="2021-12-28 18:52:33Z" duration="0.000203" asserts="1" />
            <test-case id="1078" name="RemoveSpecialCharactersTest(&quot;g^);no&amp;&quot;,&quot;gno&quot;)" fullname="Open_Lab_05._04.Tests.RemoveSpecialCharactersTest(&quot;g^);no&amp;&quot;,&quot;gno&quot;)" methodname="RemoveSpecialCharactersTest" classname="Open_Lab_05._04.Tests" runstate="Runnable" seed="1524944709" result="Passed" start-time="2021-12-28 18:52:33Z" end-time="2021-12-28 18:52:33Z" duration="0.000204" asserts="1" />
            <test-case id="1079" name="RemoveSpecialCharactersTest(&quot;REvY`l)e Fc6'qw/5RKm&quot;,&quot;REvYle Fc6qw5RKm&quot;)" fullname="Open_Lab_05._04.Tests.RemoveSpecialCharactersTest(&quot;REvY`l)e Fc6'qw/5RKm&quot;,&quot;REvYle Fc6qw5RKm&quot;)" methodname="RemoveSpecialCharactersTest" classname="Open_Lab_05._04.Tests" runstate="Runnable" seed="513395633" result="Passed" start-time="2021-12-28 18:52:33Z" end-time="2021-12-28 18:52:33Z" duration="0.000198" asserts="1" />
            <test-case id="1080" name="RemoveSpecialCharactersTest(&quot;bt5?-&quot;,&quot;bt5-&quot;)" fullname="Open_Lab_05._04.Tests.RemoveSpecialCharactersTest(&quot;bt5?-&quot;,&quot;bt5-&quot;)" methodname="RemoveSpecialCharactersTest" classname="Open_Lab_05._04.Tests" runstate="Runnable" seed="398314776" result="Passed" start-time="2021-12-28 18:52:33Z" end-time="2021-12-28 18:52:33Z" duration="0.000219" asserts="1" />
            <test-case id="1081" name="RemoveSpecialCharactersTest(&quot;y!xRp15&quot;,&quot;yxRp15&quot;)" fullname="Open_Lab_05._04.Tests.RemoveSpecialCharactersTest(&quot;y!xRp15&quot;,&quot;yxRp15&quot;)" methodname="RemoveSpecialCharactersTest" classname="Open_Lab_05._04.Tests" runstate="Runnable" seed="823213359" result="Passed" start-time="2021-12-28 18:52:33Z" end-time="2021-12-28 18:52:33Z" duration="0.000149" asserts="1" />
            <test-case id="1082" name="RemoveSpecialCharactersTest(&quot;=h]JEGuD&quot;,&quot;hJEGuD&quot;)" fullname="Open_Lab_05._04.Tests.RemoveSpecialCharactersTest(&quot;=h]JEGuD&quot;,&quot;hJEGuD&quot;)" methodname="RemoveSpecialCharactersTest" classname="Open_Lab_05._04.Tests" runstate="Runnable" seed="1925515493" result="Passed" start-time="2021-12-28 18:52:33Z" end-time="2021-12-28 18:52:33Z" duration="0.000102" asserts="1" />
            <test-case id="1083" name="RemoveSpecialCharactersTest(&quot;j(7pb&quot;,&quot;j7pb&quot;)" fullname="Open_Lab_05._04.Tests.RemoveSpecialCharactersTest(&quot;j(7pb&quot;,&quot;j7pb&quot;)" methodname="RemoveSpecialCharactersTest" classname="Open_Lab_05._04.Tests" runstate="Runnable" seed="963100432" result="Passed" start-time="2021-12-28 18:52:33Z" end-time="2021-12-28 18:52:33Z" duration="0.000078" asserts="1" />
            <test-case id="1084" name="RemoveSpecialCharactersTest(&quot;&amp;;C4gjLa9SP*d\&quot;nm%mQ&quot;,&quot;C4gjLa9SPdnmmQ&quot;)" fullname="Open_Lab_05._04.Tests.RemoveSpecialCharactersTest(&quot;&amp;;C4gjLa9SP*d\&quot;nm%mQ&quot;,&quot;C4gjLa9SPdnmmQ&quot;)" methodname="RemoveSpecialCharactersTest" classname="Open_Lab_05._04.Tests" runstate="Runnable" seed="1727187368" result="Passed" start-time="2021-12-28 18:52:33Z" end-time="2021-12-28 18:52:33Z" duration="0.000067" asserts="1" />
            <test-case id="1085" name="RemoveSpecialCharactersTest(&quot;AR'&amp;E8&gt;aE6qF7&quot;,&quot;ARE8aE6qF7&quot;)" fullname="Open_Lab_05._04.Tests.RemoveSpecialCharactersTest(&quot;AR'&amp;E8&gt;aE6qF7&quot;,&quot;ARE8aE6qF7&quot;)" methodname="RemoveSpecialCharactersTest" classname="Open_Lab_05._04.Tests" runstate="Runnable" seed="127790264" result="Passed" start-time="2021-12-28 18:52:33Z" end-time="2021-12-28 18:52:33Z" duration="0.000075" asserts="1" />
            <test-case id="1086" name="RemoveSpecialCharactersTest(&quot;r7&quot;,&quot;r7&quot;)" fullname="Open_Lab_05._04.Tests.RemoveSpecialCharactersTest(&quot;r7&quot;,&quot;r7&quot;)" methodname="RemoveSpecialCharactersTest" classname="Open_Lab_05._04.Tests" runstate="Runnable" seed="1424387927" result="Passed" start-time="2021-12-28 18:52:33Z" end-time="2021-12-28 18:52:33Z" duration="0.000083" asserts="1" />
            <test-case id="1087" name="RemoveSpecialCharactersTest(&quot;xHPl&amp;Cqp&lt;1&quot;,&quot;xHPlCqp1&quot;)" fullname="Open_Lab_05._04.Tests.RemoveSpecialCharactersTest(&quot;xHPl&amp;Cqp&lt;1&quot;,&quot;xHPlCqp1&quot;)" methodname="RemoveSpecialCharactersTest" classname="Open_Lab_05._04.Tests" runstate="Runnable" seed="762488501" result="Passed" start-time="2021-12-28 18:52:33Z" end-time="2021-12-28 18:52:33Z" duration="0.000198" asserts="1" />
            <test-case id="1088" name="RemoveSpecialCharactersTest(&quot;?w#D?)TN&quot;,&quot;wDTN&quot;)" fullname="Open_Lab_05._04.Tests.RemoveSpecialCharactersTest(&quot;?w#D?)TN&quot;,&quot;wDTN&quot;)" methodname="RemoveSpecialCharactersTest" classname="Open_Lab_05._04.Tests" runstate="Runnable" seed="1103412887" result="Passed" start-time="2021-12-28 18:52:33Z" end-time="2021-12-28 18:52:33Z" duration="0.000204" asserts="1" />
            <test-case id="1089" name="RemoveSpecialCharactersTest(&quot;=iOKe&quot;,&quot;iOKe&quot;)" fullname="Open_Lab_05._04.Tests.RemoveSpecialCharactersTest(&quot;=iOKe&quot;,&quot;iOKe&quot;)" methodname="RemoveSpecialCharactersTest" classname="Open_Lab_05._04.Tests" runstate="Runnable" seed="26665504" result="Passed" start-time="2021-12-28 18:52:33Z" end-time="2021-12-28 18:52:33Z" duration="0.000194" asserts="1" />
            <test-case id="1090" name="RemoveSpecialCharactersTest(&quot;#]*n]+W&quot;,&quot;nW&quot;)" fullname="Open_Lab_05._04.Tests.RemoveSpecialCharactersTest(&quot;#]*n]+W&quot;,&quot;nW&quot;)" methodname="RemoveSpecialCharactersTest" classname="Open_Lab_05._04.Tests" runstate="Runnable" seed="1191166108" result="Passed" start-time="2021-12-28 18:52:33Z" end-time="2021-12-28 18:52:33Z" duration="0.000205" asserts="1" />
            <test-case id="1091" name="RemoveSpecialCharactersTest(&quot;(D g:/00&quot;,&quot;D g00&quot;)" fullname="Open_Lab_05._04.Tests.RemoveSpecialCharactersTest(&quot;(D g:/00&quot;,&quot;D g00&quot;)" methodname="RemoveSpecialCharactersTest" classname="Open_Lab_05._04.Tests" runstate="Runnable" seed="987689878" result="Passed" start-time="2021-12-28 18:52:33Z" end-time="2021-12-28 18:52:33Z" duration="0.000079" asserts="1" />
            <test-case id="1092" name="RemoveSpecialCharactersTest(&quot;&amp;x&quot;,&quot;x&quot;)" fullname="Open_Lab_05._04.Tests.RemoveSpecialCharactersTest(&quot;&amp;x&quot;,&quot;x&quot;)" methodname="RemoveSpecialCharactersTest" classname="Open_Lab_05._04.Tests" runstate="Runnable" seed="127108344" result="Passed" start-time="2021-12-28 18:52:33Z" end-time="2021-12-28 18:52:33Z" duration="0.000070" asserts="1" />
            <test-case id="1093" name="RemoveSpecialCharactersTest(&quot;I3L&amp;-LD\&quot;&quot;,&quot;I3L-LD&quot;)" fullname="Open_Lab_05._04.Tests.RemoveSpecialCharactersTest(&quot;I3L&amp;-LD\&quot;&quot;,&quot;I3L-LD&quot;)" methodname="RemoveSpecialCharactersTest" classname="Open_Lab_05._04.Tests" runstate="Runnable" seed="1957829258" result="Passed" start-time="2021-12-28 18:52:33Z" end-time="2021-12-28 18:52:33Z" duration="0.000076" asserts="1" />
            <test-case id="1094" name="RemoveSpecialCharactersTest(&quot;.t$&amp;&quot;,&quot;t&quot;)" fullname="Open_Lab_05._04.Tests.RemoveSpecialCharactersTest(&quot;.t$&amp;&quot;,&quot;t&quot;)" methodname="RemoveSpecialCharactersTest" classname="Open_Lab_05._04.Tests" runstate="Runnable" seed="1916489925" result="Passed" start-time="2021-12-28 18:52:33Z" end-time="2021-12-28 18:52:33Z" duration="0.000068" asserts="1" />
            <test-case id="1095" name="RemoveSpecialCharactersTest(&quot;@4eIN6cUuz?&lt;9?#,&quot;,&quot;4eIN6cUuz9&quot;)" fullname="Open_Lab_05._04.Tests.RemoveSpecialCharactersTest(&quot;@4eIN6cUuz?&lt;9?#,&quot;,&quot;4eIN6cUuz9&quot;)" methodname="RemoveSpecialCharactersTest" classname="Open_Lab_05._04.Tests" runstate="Runnable" seed="584236412" result="Passed" start-time="2021-12-28 18:52:33Z" end-time="2021-12-28 18:52:33Z" duration="0.000080" asserts="1" />
            <test-case id="1096" name="RemoveSpecialCharactersTest(&quot;HNCmk0#`1aT2tKv&quot;,&quot;HNCmk01aT2tKv&quot;)" fullname="Open_Lab_05._04.Tests.RemoveSpecialCharactersTest(&quot;HNCmk0#`1aT2tKv&quot;,&quot;HNCmk01aT2tKv&quot;)" methodname="RemoveSpecialCharactersTest" classname="Open_Lab_05._04.Tests" runstate="Runnable" seed="1891865200" result="Passed" start-time="2021-12-28 18:52:33Z" end-time="2021-12-28 18:52:33Z" duration="0.000078" asserts="1" />
            <test-case id="1097" name="RemoveSpecialCharactersTest(&quot;OjwFZRbYn8Mbl2%&quot;,&quot;OjwFZRbYn8Mbl2&quot;)" fullname="Open_Lab_05._04.Tests.RemoveSpecialCharactersTest(&quot;OjwFZRbYn8Mbl2%&quot;,&quot;OjwFZRbYn8Mbl2&quot;)" methodname="RemoveSpecialCharactersTest" classname="Open_Lab_05._04.Tests" runstate="Runnable" seed="1579966413" result="Passed" start-time="2021-12-28 18:52:33Z" end-time="2021-12-28 18:52:33Z" duration="0.000066" asserts="1" />
            <test-case id="1098" name="RemoveSpecialCharactersTest(&quot;!HLQ]sO#ac=O.C OCVdP&quot;,&quot;HLQsOacOC OCVdP&quot;)" fullname="Open_Lab_05._04.Tests.RemoveSpecialCharactersTest(&quot;!HLQ]sO#ac=O.C OCVdP&quot;,&quot;HLQsOacOC OCVdP&quot;)" methodname="RemoveSpecialCharactersTest" classname="Open_Lab_05._04.Tests" runstate="Runnable" seed="587511716" result="Passed" start-time="2021-12-28 18:52:33Z" end-time="2021-12-28 18:52:33Z" duration="0.000082" asserts="1" />
            <test-case id="1099" name="RemoveSpecialCharactersTest(&quot;a&amp;&quot;,&quot;a&quot;)" fullname="Open_Lab_05._04.Tests.RemoveSpecialCharactersTest(&quot;a&amp;&quot;,&quot;a&quot;)" methodname="RemoveSpecialCharactersTest" classname="Open_Lab_05._04.Tests" runstate="Runnable" seed="253485008" result="Passed" start-time="2021-12-28 18:52:33Z" end-time="2021-12-28 18:52:33Z" duration="0.000089" asserts="1" />
            <test-case id="1100" name="RemoveSpecialCharactersTest(&quot;geyS^&lt;oy\\U1LyE#W:t&quot;,&quot;geySoyU1LyEWt&quot;)" fullname="Open_Lab_05._04.Tests.RemoveSpecialCharactersTest(&quot;geyS^&lt;oy\\U1LyE#W:t&quot;,&quot;geySoyU1LyEWt&quot;)" methodname="RemoveSpecialCharactersTest" classname="Open_Lab_05._04.Tests" runstate="Runnable" seed="955908202" result="Passed" start-time="2021-12-28 18:52:33Z" end-time="2021-12-28 18:52:33Z" duration="0.000068" asserts="1" />
          </test-suite>
        </test-suite>
      </test-suite>
    </test-suite>
  </test-suite>
</test-run>